2025-07-06 08:44:44,143 - INFO - Initializing Retro DoomBox Kiosk...
2025-07-06 08:44:44,974 - INFO - Display initialized: (1280, 960)
2025-07-06 08:44:44,975 - INFO - Setting up retro assets...
2025-07-06 08:44:44,975 - INFO - Downloading retro fonts...
2025-07-06 08:44:44,975 - ERROR - Font setup error: [Errno 2] No such file or directory: '/home/sam/SPOON_GIT/fonts/puffin.ttf'
2025-07-06 08:44:44,975 - ERROR - Minecraft font setup error: [Errno 2] No such file or directory: '/home/sam/SPOON_GIT/fonts/minecraft.ttf'
2025-07-06 08:44:44,975 - INFO - Setting up pixel icons...
2025-07-06 08:44:44,975 - INFO - Icon structure created
2025-07-06 08:44:44,999 - INFO - Retro fonts initialized successfully
2025-07-06 08:44:44,999 - INFO - Loaded 10 pixel icons
2025-07-06 08:44:44,999 - INFO - No demo videos found, using static background
2025-07-06 08:44:45,002 - ERROR - QR code generation error: No module named 'PIL'
2025-07-06 08:44:45,004 - INFO - Database initialized successfully
2025-07-06 08:44:45,285 - WARNING - No controller detected
2025-07-06 08:44:45,290 - ERROR - MQTT setup error: [Errno 111] Connection refused
2025-07-06 08:44:45,291 - INFO - Retro DoomBox Kiosk initialized successfully!
2025-07-06 08:44:45,291 - INFO - Starting retro kiosk main loop
2025-07-06 08:44:45,536 - WARNING - No controller detected
2025-07-06 08:44:50,532 - WARNING - No controller detected
2025-07-06 08:44:55,574 - WARNING - No controller detected
2025-07-06 08:45:00,595 - WARNING - No controller detected
2025-07-06 08:45:05,652 - WARNING - No controller detected
2025-07-06 08:45:10,597 - WARNING - No controller detected
2025-07-06 08:45:10,674 - INFO - Cleaning up retro kiosk...
2025-07-06 08:45:10,721 - INFO - Retro cleanup complete
2025-07-06 08:45:15,295 - INFO - Initializing Retro DoomBox Kiosk...
2025-07-06 08:45:15,862 - INFO - Display initialized: (1280, 960)
2025-07-06 08:45:15,863 - INFO - Setting up retro assets...
2025-07-06 08:45:15,863 - INFO - Downloading retro fonts...
2025-07-06 08:45:15,863 - INFO - Font placeholder created
2025-07-06 08:45:15,864 - INFO - Minecraft font placeholder created
2025-07-06 08:45:15,899 - INFO - Retro fonts initialized successfully
2025-07-06 08:45:15,900 - INFO - Loaded 10 pixel icons
2025-07-06 08:45:15,906 - INFO - Loaded background video: /home/sam/SPOON_GIT/doombox/vid/DoomDemo10.mp4
2025-07-06 08:45:15,910 - INFO - QR code generated successfully
2025-07-06 08:45:15,910 - INFO - Database initialized successfully
2025-07-06 08:45:16,176 - WARNING - No controller detected
2025-07-06 08:45:16,181 - ERROR - MQTT setup error: [Errno 111] Connection refused
2025-07-06 08:45:16,181 - INFO - Retro DoomBox Kiosk initialized successfully!
2025-07-06 08:45:16,181 - INFO - Starting retro kiosk main loop
2025-07-06 08:45:16,462 - WARNING - No controller detected
2025-07-06 08:45:21,481 - WARNING - No controller detected
2025-07-06 08:45:26,493 - WARNING - No controller detected
2025-07-06 08:45:31,485 - WARNING - No controller detected
2025-07-06 08:45:36,526 - WARNING - No controller detected
2025-07-06 08:45:41,563 - WARNING - No controller detected
2025-07-06 08:45:46,551 - WARNING - No controller detected
2025-07-06 08:45:51,558 - WARNING - No controller detected
2025-07-06 08:45:56,513 - WARNING - No controller detected
2025-07-06 08:45:58,453 - INFO - Received signal 15, shutting down...
2025-07-06 08:45:58,485 - INFO - Cleaning up retro kiosk...
2025-07-06 08:45:58,527 - INFO - Retro cleanup complete
